2017-08-15 17:25:11.260 [qtp1128032093-24] ERROR spittr.web.controller.ErrorController - error happened
2017-08-15 17:33:17.862 [qtp1128032093-33] ERROR spittr.web.controller.ErrorController - error happened
2017-08-15 19:14:01.026 [qtp1585787493-27] ERROR spittr.web.controller.ErrorController - default error message
2017-08-15 19:21:21.084 [qtp1585787493-27] ERROR spittr.web.SpittrHandlerExceptionResolver - spittr.FooException
2017-08-15 19:37:46.018 [qtp1585787493-27] ERROR spittr.web.SpittrHandlerExceptionResolver - spittr.web.controller.HomeController.Error(HomeController.java:21)
sun.reflect.NativeMethodAccessorImpl.invoke0(Native Method)
sun.reflect.NativeMethodAccessorImpl.invoke(NativeMethodAccessorImpl.java:62)
sun.reflect.DelegatingMethodAccessorImpl.invoke(DelegatingMethodAccessorImpl.java:43)
java.lang.reflect.Method.invoke(Method.java:498)
org.springframework.web.bind.annotation.support.HandlerMethodInvoker.invokeHandlerMethod(HandlerMethodInvoker.java:180)
org.springframework.web.servlet.mvc.annotation.AnnotationMethodHandlerAdapter.invokeHandlerMethod(AnnotationMethodHandlerAdapter.java:440)
org.springframework.web.servlet.mvc.annotation.AnnotationMethodHandlerAdapter.handle(AnnotationMethodHandlerAdapter.java:428)
org.springframework.web.servlet.DispatcherServlet.doDispatch(DispatcherServlet.java:963)
org.springframework.web.servlet.DispatcherServlet.doService(DispatcherServlet.java:897)
org.springframework.web.servlet.FrameworkServlet.processRequest(FrameworkServlet.java:970)
org.springframework.web.servlet.FrameworkServlet.doGet(FrameworkServlet.java:861)
javax.servlet.http.HttpServlet.service(HttpServlet.java:735)
org.springframework.web.servlet.FrameworkServlet.service(FrameworkServlet.java:846)
javax.servlet.http.HttpServlet.service(HttpServlet.java:848)
org.eclipse.jetty.servlet.ServletHolder.handle(ServletHolder.java:684)
org.eclipse.jetty.servlet.ServletHandler.doHandle(ServletHandler.java:501)
org.eclipse.jetty.server.handler.ScopedHandler.handle(ScopedHandler.java:137)
org.eclipse.jetty.security.SecurityHandler.handle(SecurityHandler.java:557)
org.eclipse.jetty.server.session.SessionHandler.doHandle(SessionHandler.java:231)
org.eclipse.jetty.server.handler.ContextHandler.doHandle(ContextHandler.java:1086)
org.eclipse.jetty.servlet.ServletHandler.doScope(ServletHandler.java:428)
org.eclipse.jetty.server.session.SessionHandler.doScope(SessionHandler.java:193)
org.eclipse.jetty.server.handler.ContextHandler.doScope(ContextHandler.java:1020)
org.eclipse.jetty.server.handler.ScopedHandler.handle(ScopedHandler.java:135)
org.eclipse.jetty.server.handler.HandlerWrapper.handle(HandlerWrapper.java:116)
org.eclipse.jetty.server.Server.handle(Server.java:370)
org.eclipse.jetty.server.AbstractHttpConnection.handleRequest(AbstractHttpConnection.java:494)
org.eclipse.jetty.server.AbstractHttpConnection.headerComplete(AbstractHttpConnection.java:971)
org.eclipse.jetty.server.AbstractHttpConnection$RequestHandler.headerComplete(AbstractHttpConnection.java:1033)
org.eclipse.jetty.http.HttpParser.parseNext(HttpParser.java:644)
org.eclipse.jetty.http.HttpParser.parseAvailable(HttpParser.java:235)
org.eclipse.jetty.server.AsyncHttpConnection.handle(AsyncHttpConnection.java:82)
org.eclipse.jetty.io.nio.SelectChannelEndPoint.handle(SelectChannelEndPoint.java:667)
org.eclipse.jetty.io.nio.SelectChannelEndPoint$1.run(SelectChannelEndPoint.java:52)
org.eclipse.jetty.util.thread.QueuedThreadPool.runJob(QueuedThreadPool.java:608)
org.eclipse.jetty.util.thread.QueuedThreadPool$3.run(QueuedThreadPool.java:543)
java.lang.Thread.run(Thread.java:748)

